<?xml version="1.0" encoding="UTF-8"?>
<testsuite name="com.jd.book.springboot.web.ProfileControllerTest" tests="1" skipped="0" failures="0" errors="0" timestamp="2021-03-01T05:44:47" hostname="DESKTOP-ALERQTQ" time="0.021">
  <properties/>
  <testcase name="profile은_인증없이_호출된다()" classname="com.jd.book.springboot.web.ProfileControllerTest" time="0.021"/>
  <system-out><![CDATA[2021-03-01 14:44:47.446  INFO 16380 --- [    Test worker] .b.t.c.SpringBootTestContextBootstrapper : Neither @ContextConfiguration nor @ContextHierarchy found for test class [com.jd.book.springboot.web.ProfileControllerTest], using SpringBootContextLoader
2021-03-01 14:44:47.448  INFO 16380 --- [    Test worker] o.s.t.c.support.AbstractContextLoader    : Could not detect default resource locations for test class [com.jd.book.springboot.web.ProfileControllerTest]: no resource found for suffixes {-context.xml, Context.groovy}.
2021-03-01 14:44:47.448  INFO 16380 --- [    Test worker] t.c.s.AnnotationConfigContextLoaderUtils : Could not detect default configuration classes for test class [com.jd.book.springboot.web.ProfileControllerTest]: ProfileControllerTest does not declare any static, non-private, non-final, nested classes annotated with @Configuration.
2021-03-01 14:44:47.452  INFO 16380 --- [    Test worker] .b.t.c.SpringBootTestContextBootstrapper : Found @SpringBootConfiguration com.jd.book.springboot.Application for test class com.jd.book.springboot.web.ProfileControllerTest
2021-03-01 14:44:47.455  INFO 16380 --- [    Test worker] .b.t.c.SpringBootTestContextBootstrapper : Loaded default TestExecutionListener class names from location [META-INF/spring.factories]: [org.springframework.security.test.context.support.WithSecurityContextTestExecutionListener, org.springframework.security.test.context.support.ReactorContextTestExecutionListener, org.springframework.boot.test.autoconfigure.restdocs.RestDocsTestExecutionListener, org.springframework.boot.test.autoconfigure.web.client.MockRestServiceServerResetTestExecutionListener, org.springframework.boot.test.autoconfigure.web.servlet.MockMvcPrintOnlyOnFailureTestExecutionListener, org.springframework.boot.test.autoconfigure.web.servlet.WebDriverTestExecutionListener, org.springframework.boot.test.autoconfigure.webservices.client.MockWebServiceServerTestExecutionListener, org.springframework.boot.test.mock.mockito.MockitoTestExecutionListener, org.springframework.boot.test.mock.mockito.ResetMocksTestExecutionListener, org.springframework.test.context.web.ServletTestExecutionListener, org.springframework.test.context.support.DirtiesContextBeforeModesTestExecutionListener, org.springframework.test.context.support.DependencyInjectionTestExecutionListener, org.springframework.test.context.support.DirtiesContextTestExecutionListener, org.springframework.test.context.transaction.TransactionalTestExecutionListener, org.springframework.test.context.jdbc.SqlScriptsTestExecutionListener, org.springframework.test.context.event.EventPublishingTestExecutionListener]
2021-03-01 14:44:47.457  INFO 16380 --- [    Test worker] .b.t.c.SpringBootTestContextBootstrapper : Using TestExecutionListeners: [org.springframework.test.context.web.ServletTestExecutionListener@7493df47, org.springframework.test.context.support.DirtiesContextBeforeModesTestExecutionListener@3645a7cf, org.springframework.boot.test.mock.mockito.MockitoTestExecutionListener@767cd8f5, org.springframework.boot.test.autoconfigure.SpringBootDependencyInjectionTestExecutionListener@43b43181, org.springframework.test.context.support.DirtiesContextTestExecutionListener@29b7a757, org.springframework.test.context.transaction.TransactionalTestExecutionListener@32571671, org.springframework.test.context.jdbc.SqlScriptsTestExecutionListener@22fcdbbe, org.springframework.security.test.context.support.WithSecurityContextTestExecutionListener@40a6de59, org.springframework.test.context.event.EventPublishingTestExecutionListener@543f4405, org.springframework.security.test.context.support.ReactorContextTestExecutionListener@5e51346d, org.springframework.boot.test.autoconfigure.restdocs.RestDocsTestExecutionListener@1ab42532, org.springframework.boot.test.autoconfigure.web.client.MockRestServiceServerResetTestExecutionListener@6c96642b, org.springframework.boot.test.autoconfigure.web.servlet.MockMvcPrintOnlyOnFailureTestExecutionListener@42271ad0, org.springframework.boot.test.autoconfigure.web.servlet.WebDriverTestExecutionListener@1582aca5, org.springframework.boot.test.autoconfigure.webservices.client.MockWebServiceServerTestExecutionListener@2ea49692, org.springframework.boot.test.mock.mockito.ResetMocksTestExecutionListener@71cc1851]
]]></system-out>
  <system-err><![CDATA[]]></system-err>
</testsuite>
