<?xml version="1.0" encoding="UTF-8"?>
<testsuite name="com.jd.book.springboot.domain.posts.PostsRepositoryTest" tests="1" skipped="0" failures="0" errors="0" timestamp="2021-02-19T02:46:56" hostname="DESKTOP-ALERQTQ" time="0.54">
  <properties/>
  <testcase name="게시글저장_불러오기" classname="com.jd.book.springboot.domain.posts.PostsRepositoryTest" time="0.54"/>
  <system-out><![CDATA[11:46:46.382 [Test worker] DEBUG org.springframework.test.context.junit4.SpringJUnit4ClassRunner - SpringJUnit4ClassRunner constructor called with [class com.jd.book.springboot.domain.posts.PostsRepositoryTest]
11:46:46.393 [Test worker] DEBUG org.springframework.test.context.BootstrapUtils - Instantiating CacheAwareContextLoaderDelegate from class [org.springframework.test.context.cache.DefaultCacheAwareContextLoaderDelegate]
11:46:46.409 [Test worker] DEBUG org.springframework.test.context.BootstrapUtils - Instantiating BootstrapContext using constructor [public org.springframework.test.context.support.DefaultBootstrapContext(java.lang.Class,org.springframework.test.context.CacheAwareContextLoaderDelegate)]
11:46:46.437 [Test worker] DEBUG org.springframework.test.context.BootstrapUtils - Instantiating TestContextBootstrapper for test class [com.jd.book.springboot.domain.posts.PostsRepositoryTest] from class [org.springframework.boot.test.context.SpringBootTestContextBootstrapper]
11:46:46.459 [Test worker] INFO org.springframework.boot.test.context.SpringBootTestContextBootstrapper - Neither @ContextConfiguration nor @ContextHierarchy found for test class [com.jd.book.springboot.domain.posts.PostsRepositoryTest], using SpringBootContextLoader
11:46:46.468 [Test worker] DEBUG org.springframework.test.context.support.AbstractContextLoader - Did not detect default resource location for test class [com.jd.book.springboot.domain.posts.PostsRepositoryTest]: class path resource [com/jd/book/springboot/domain/posts/PostsRepositoryTest-context.xml] does not exist
11:46:46.469 [Test worker] DEBUG org.springframework.test.context.support.AbstractContextLoader - Did not detect default resource location for test class [com.jd.book.springboot.domain.posts.PostsRepositoryTest]: class path resource [com/jd/book/springboot/domain/posts/PostsRepositoryTestContext.groovy] does not exist
11:46:46.469 [Test worker] INFO org.springframework.test.context.support.AbstractContextLoader - Could not detect default resource locations for test class [com.jd.book.springboot.domain.posts.PostsRepositoryTest]: no resource found for suffixes {-context.xml, Context.groovy}.
11:46:46.471 [Test worker] INFO org.springframework.test.context.support.AnnotationConfigContextLoaderUtils - Could not detect default configuration classes for test class [com.jd.book.springboot.domain.posts.PostsRepositoryTest]: PostsRepositoryTest does not declare any static, non-private, non-final, nested classes annotated with @Configuration.
11:46:46.579 [Test worker] DEBUG org.springframework.test.context.support.ActiveProfilesUtils - Could not find an 'annotation declaring class' for annotation type [org.springframework.test.context.ActiveProfiles] and class [com.jd.book.springboot.domain.posts.PostsRepositoryTest]
11:46:46.761 [Test worker] DEBUG org.springframework.context.annotation.ClassPathScanningCandidateComponentProvider - Identified candidate component class: file [C:\Users\Admin\Documents\My_GitHub\freelec-book-spring-boot\build\classes\java\main\com\jd\book\springboot\Application.class]
11:46:46.763 [Test worker] INFO org.springframework.boot.test.context.SpringBootTestContextBootstrapper - Found @SpringBootConfiguration com.jd.book.springboot.Application for test class com.jd.book.springboot.domain.posts.PostsRepositoryTest
11:46:46.939 [Test worker] DEBUG org.springframework.boot.test.context.SpringBootTestContextBootstrapper - @TestExecutionListeners is not present for class [com.jd.book.springboot.domain.posts.PostsRepositoryTest]: using defaults.
11:46:46.944 [Test worker] INFO org.springframework.boot.test.context.SpringBootTestContextBootstrapper - Loaded default TestExecutionListener class names from location [META-INF/spring.factories]: [org.springframework.security.test.context.support.WithSecurityContextTestExecutionListener, org.springframework.security.test.context.support.ReactorContextTestExecutionListener, org.springframework.boot.test.autoconfigure.restdocs.RestDocsTestExecutionListener, org.springframework.boot.test.autoconfigure.web.client.MockRestServiceServerResetTestExecutionListener, org.springframework.boot.test.autoconfigure.web.servlet.MockMvcPrintOnlyOnFailureTestExecutionListener, org.springframework.boot.test.autoconfigure.web.servlet.WebDriverTestExecutionListener, org.springframework.boot.test.mock.mockito.MockitoTestExecutionListener, org.springframework.boot.test.mock.mockito.ResetMocksTestExecutionListener, org.springframework.test.context.web.ServletTestExecutionListener, org.springframework.test.context.support.DirtiesContextBeforeModesTestExecutionListener, org.springframework.test.context.support.DependencyInjectionTestExecutionListener, org.springframework.test.context.support.DirtiesContextTestExecutionListener, org.springframework.test.context.transaction.TransactionalTestExecutionListener, org.springframework.test.context.jdbc.SqlScriptsTestExecutionListener]
11:46:46.981 [Test worker] INFO org.springframework.boot.test.context.SpringBootTestContextBootstrapper - Using TestExecutionListeners: [org.springframework.test.context.web.ServletTestExecutionListener@16c8badb, org.springframework.test.context.support.DirtiesContextBeforeModesTestExecutionListener@239b8b71, org.springframework.boot.test.mock.mockito.MockitoTestExecutionListener@53592c41, org.springframework.boot.test.autoconfigure.SpringBootDependencyInjectionTestExecutionListener@616f47b2, org.springframework.test.context.support.DirtiesContextTestExecutionListener@32222726, org.springframework.test.context.transaction.TransactionalTestExecutionListener@4d1df210, org.springframework.test.context.jdbc.SqlScriptsTestExecutionListener@573ce4d6, org.springframework.security.test.context.support.WithSecurityContextTestExecutionListener@4cf56b54, org.springframework.security.test.context.support.ReactorContextTestExecutionListener@6f4d7efb, org.springframework.boot.test.autoconfigure.restdocs.RestDocsTestExecutionListener@4d628c70, org.springframework.boot.test.autoconfigure.web.client.MockRestServiceServerResetTestExecutionListener@7dc8db5e, org.springframework.boot.test.autoconfigure.web.servlet.MockMvcPrintOnlyOnFailureTestExecutionListener@1a00b078, org.springframework.boot.test.autoconfigure.web.servlet.WebDriverTestExecutionListener@1ebeaf65, org.springframework.boot.test.mock.mockito.ResetMocksTestExecutionListener@4766a1ce]
11:46:46.986 [Test worker] DEBUG org.springframework.test.annotation.ProfileValueUtils - Retrieved @ProfileValueSourceConfiguration [null] for test class [com.jd.book.springboot.domain.posts.PostsRepositoryTest]
11:46:46.987 [Test worker] DEBUG org.springframework.test.annotation.ProfileValueUtils - Retrieved ProfileValueSource type [class org.springframework.test.annotation.SystemProfileValueSource] for class [com.jd.book.springboot.domain.posts.PostsRepositoryTest]
11:46:46.995 [Test worker] DEBUG org.springframework.test.annotation.ProfileValueUtils - Retrieved @ProfileValueSourceConfiguration [null] for test class [com.jd.book.springboot.domain.posts.PostsRepositoryTest]
11:46:46.995 [Test worker] DEBUG org.springframework.test.annotation.ProfileValueUtils - Retrieved ProfileValueSource type [class org.springframework.test.annotation.SystemProfileValueSource] for class [com.jd.book.springboot.domain.posts.PostsRepositoryTest]
11:46:46.996 [Test worker] DEBUG org.springframework.test.annotation.ProfileValueUtils - Retrieved @ProfileValueSourceConfiguration [null] for test class [com.jd.book.springboot.domain.posts.PostsRepositoryTest]
11:46:46.996 [Test worker] DEBUG org.springframework.test.annotation.ProfileValueUtils - Retrieved ProfileValueSource type [class org.springframework.test.annotation.SystemProfileValueSource] for class [com.jd.book.springboot.domain.posts.PostsRepositoryTest]
11:46:47.004 [Test worker] DEBUG org.springframework.test.context.support.AbstractDirtiesContextTestExecutionListener - Before test class: context [DefaultTestContext@79714794 testClass = PostsRepositoryTest, testInstance = [null], testMethod = [null], testException = [null], mergedContextConfiguration = [WebMergedContextConfiguration@2752098e testClass = PostsRepositoryTest, locations = '{}', classes = '{class com.jd.book.springboot.Application}', contextInitializerClasses = '[]', activeProfiles = '{}', propertySourceLocations = '{}', propertySourceProperties = '{org.springframework.boot.test.context.SpringBootTestContextBootstrapper=true}', contextCustomizers = set[org.springframework.boot.test.autoconfigure.properties.PropertyMappingContextCustomizer@0, org.springframework.boot.test.autoconfigure.web.servlet.WebDriverContextCustomizerFactory$Customizer@3beddcf0, org.springframework.boot.test.context.filter.ExcludeFilterContextCustomizer@1694a1bf, org.springframework.boot.test.json.DuplicateJsonObjectContextCustomizerFactory$DuplicateJsonObjectContextCustomizer@28ccdd7b, org.springframework.boot.test.mock.mockito.MockitoContextCustomizer@0, org.springframework.boot.test.web.client.TestRestTemplateContextCustomizer@17e47beb], resourceBasePath = 'src/main/webapp', contextLoader = 'org.springframework.boot.test.context.SpringBootContextLoader', parent = [null]], attributes = map['org.springframework.test.context.web.ServletTestExecutionListener.activateListener' -> true]], class annotated with @DirtiesContext [false] with mode [null].
11:46:47.005 [Test worker] DEBUG org.springframework.test.annotation.ProfileValueUtils - Retrieved @ProfileValueSourceConfiguration [null] for test class [com.jd.book.springboot.domain.posts.PostsRepositoryTest]
11:46:47.005 [Test worker] DEBUG org.springframework.test.annotation.ProfileValueUtils - Retrieved ProfileValueSource type [class org.springframework.test.annotation.SystemProfileValueSource] for class [com.jd.book.springboot.domain.posts.PostsRepositoryTest]
11:46:47.044 [Test worker] DEBUG org.springframework.test.context.support.TestPropertySourceUtils - Adding inlined properties to environment: {spring.jmx.enabled=false, org.springframework.boot.test.context.SpringBootTestContextBootstrapper=true, server.port=-1}

  .   ____          _            __ _ _
 /\\ / ___'_ __ _ _(_)_ __  __ _ \ \ \ \
( ( )\___ | '_ | '_| | '_ \/ _` | \ \ \ \
 \\/  ___)| |_)| | | | | || (_| |  ) ) ) )
  '  |____| .__|_| |_|_| |_\__, | / / / /
 =========|_|==============|___/=/_/_/_/
 :: Spring Boot ::        (v2.1.7.RELEASE)

2021-02-19 11:46:47.503  INFO 10172 --- [    Test worker] c.j.b.s.d.posts.PostsRepositoryTest      : Starting PostsRepositoryTest on DESKTOP-ALERQTQ with PID 10172 (started by Admin in C:\Users\Admin\Documents\My_GitHub\freelec-book-spring-boot)
2021-02-19 11:46:47.504  INFO 10172 --- [    Test worker] c.j.b.s.d.posts.PostsRepositoryTest      : No active profile set, falling back to default profiles: default
2021-02-19 11:46:49.198  INFO 10172 --- [    Test worker] .s.d.r.c.RepositoryConfigurationDelegate : Bootstrapping Spring Data repositories in DEFAULT mode.
2021-02-19 11:46:49.324  INFO 10172 --- [    Test worker] .s.d.r.c.RepositoryConfigurationDelegate : Finished Spring Data repository scanning in 114ms. Found 2 repository interfaces.
2021-02-19 11:46:50.130  INFO 10172 --- [    Test worker] trationDelegate$BeanPostProcessorChecker : Bean 'org.springframework.transaction.annotation.ProxyTransactionManagementConfiguration' of type [org.springframework.transaction.annotation.ProxyTransactionManagementConfiguration$$EnhancerBySpringCGLIB$$8006162e] is not eligible for getting processed by all BeanPostProcessors (for example: not eligible for auto-proxying)
2021-02-19 11:46:50.455  INFO 10172 --- [    Test worker] com.zaxxer.hikari.HikariDataSource       : HikariPool-1 - Starting...
2021-02-19 11:46:50.739  INFO 10172 --- [    Test worker] com.zaxxer.hikari.HikariDataSource       : HikariPool-1 - Start completed.
2021-02-19 11:46:50.923  INFO 10172 --- [    Test worker] o.hibernate.jpa.internal.util.LogHelper  : HHH000204: Processing PersistenceUnitInfo [
	name: default
	...]
2021-02-19 11:46:51.089  INFO 10172 --- [    Test worker] org.hibernate.Version                    : HHH000412: Hibernate Core {5.3.10.Final}
2021-02-19 11:46:51.092  INFO 10172 --- [    Test worker] org.hibernate.cfg.Environment            : HHH000206: hibernate.properties not found
2021-02-19 11:46:51.426  INFO 10172 --- [    Test worker] o.hibernate.annotations.common.Version   : HCANN000001: Hibernate Commons Annotations {5.0.4.Final}
2021-02-19 11:46:51.754  INFO 10172 --- [    Test worker] org.hibernate.dialect.Dialect            : HHH000400: Using dialect: org.hibernate.dialect.MySQL5InnoDBDialect
Hibernate: 
    
    drop table if exists posts
Hibernate: 
    
    drop table if exists user
Hibernate: 
    
    create table posts (
       id bigint not null auto_increment,
        created_date datetime,
        modified_date datetime,
        author varchar(255),
        content TEXT not null,
        title varchar(500) not null,
        primary key (id)
    ) engine=InnoDB
Hibernate: 
    
    create table user (
       id bigint not null auto_increment,
        created_date datetime,
        modified_date datetime,
        email varchar(255) not null,
        name varchar(255) not null,
        picture varchar(255),
        role varchar(255) not null,
        primary key (id)
    ) engine=InnoDB
2021-02-19 11:46:52.930  INFO 10172 --- [    Test worker] o.h.t.schema.internal.SchemaCreatorImpl  : HHH000476: Executing import script 'org.hibernate.tool.schema.internal.exec.ScriptSourceInputNonExistentImpl@5b69c051'
2021-02-19 11:46:52.936  INFO 10172 --- [    Test worker] j.LocalContainerEntityManagerFactoryBean : Initialized JPA EntityManagerFactory for persistence unit 'default'
2021-02-19 11:46:53.897  INFO 10172 --- [    Test worker] o.h.h.i.QueryTranslatorFactoryInitiator  : HHH000397: Using ASTQueryTranslatorFactory
2021-02-19 11:46:54.747  INFO 10172 --- [    Test worker] o.s.s.web.DefaultSecurityFilterChain     : Creating filter chain: any request, [org.springframework.security.web.context.request.async.WebAsyncManagerIntegrationFilter@748b98b6, org.springframework.security.web.context.SecurityContextPersistenceFilter@975b464, org.springframework.security.web.header.HeaderWriterFilter@469327d5, org.springframework.security.web.authentication.logout.LogoutFilter@354bbdb9, org.springframework.security.oauth2.client.web.OAuth2AuthorizationRequestRedirectFilter@34ab4e8d, org.springframework.security.oauth2.client.web.OAuth2LoginAuthenticationFilter@45594c2d, org.springframework.security.web.authentication.ui.DefaultLoginPageGeneratingFilter@4bbcf769, org.springframework.security.web.authentication.ui.DefaultLogoutPageGeneratingFilter@117e66fd, org.springframework.security.web.savedrequest.RequestCacheAwareFilter@65234cb4, org.springframework.security.web.servletapi.SecurityContextHolderAwareRequestFilter@12070347, org.springframework.security.web.authentication.AnonymousAuthenticationFilter@6601c9c3, org.springframework.security.web.session.SessionManagementFilter@7b71bf26, org.springframework.security.web.access.ExceptionTranslationFilter@6c158253, org.springframework.security.web.access.intercept.FilterSecurityInterceptor@7fa914d2]
2021-02-19 11:46:55.781  INFO 10172 --- [    Test worker] o.s.s.concurrent.ThreadPoolTaskExecutor  : Initializing ExecutorService 'applicationTaskExecutor'
2021-02-19 11:46:55.882  WARN 10172 --- [    Test worker] aWebConfiguration$JpaWebMvcConfiguration : spring.jpa.open-in-view is enabled by default. Therefore, database queries may be performed during view rendering. Explicitly configure spring.jpa.open-in-view to disable this warning
2021-02-19 11:46:55.968  INFO 10172 --- [    Test worker] o.s.b.a.w.s.WelcomePageHandlerMapping    : Adding welcome page template: index
2021-02-19 11:46:56.863  INFO 10172 --- [    Test worker] s.a.ScheduledAnnotationBeanPostProcessor : No TaskScheduler/ScheduledExecutorService bean found for scheduled processing
2021-02-19 11:46:56.880  INFO 10172 --- [    Test worker] c.j.b.s.d.posts.PostsRepositoryTest      : Started PostsRepositoryTest in 9.821 seconds (JVM running for 13.094)
Hibernate: 
    /* insert com.jd.book.springboot.domain.posts.Posts
        */ insert 
        into
            posts
            (created_date, modified_date, author, content, title) 
        values
            (?, ?, ?, ?, ?)
2021-02-19 11:46:57.232 TRACE 10172 --- [    Test worker] o.h.type.descriptor.sql.BasicBinder      : binding parameter [1] as [TIMESTAMP] - [2021-02-19T11:46:57.178968900]
2021-02-19 11:46:57.245 TRACE 10172 --- [    Test worker] o.h.type.descriptor.sql.BasicBinder      : binding parameter [2] as [TIMESTAMP] - [2021-02-19T11:46:57.178968900]
2021-02-19 11:46:57.246 TRACE 10172 --- [    Test worker] o.h.type.descriptor.sql.BasicBinder      : binding parameter [3] as [VARCHAR] - [ybell1028@gmail.com]
2021-02-19 11:46:57.247 TRACE 10172 --- [    Test worker] o.h.type.descriptor.sql.BasicBinder      : binding parameter [4] as [VARCHAR] - [테스트 본문]
2021-02-19 11:46:57.249 TRACE 10172 --- [    Test worker] o.h.type.descriptor.sql.BasicBinder      : binding parameter [5] as [VARCHAR] - [테스트 게시글]
Hibernate: 
    /* select
        generatedAlias0 
    from
        Posts as generatedAlias0 */ select
            posts0_.id as id1_0_,
            posts0_.created_date as created_2_0_,
            posts0_.modified_date as modified3_0_,
            posts0_.author as author4_0_,
            posts0_.content as content5_0_,
            posts0_.title as title6_0_ 
        from
            posts posts0_
2021-02-19 11:46:57.311 TRACE 10172 --- [    Test worker] o.h.type.descriptor.sql.BasicExtractor   : extracted value ([id1_0_] : [BIGINT]) - [1]
2021-02-19 11:46:57.318 TRACE 10172 --- [    Test worker] o.h.type.descriptor.sql.BasicExtractor   : extracted value ([created_2_0_] : [TIMESTAMP]) - [2021-02-19T11:46:57.178969]
2021-02-19 11:46:57.319 TRACE 10172 --- [    Test worker] o.h.type.descriptor.sql.BasicExtractor   : extracted value ([modified3_0_] : [TIMESTAMP]) - [2021-02-19T11:46:57.178969]
2021-02-19 11:46:57.320 TRACE 10172 --- [    Test worker] o.h.type.descriptor.sql.BasicExtractor   : extracted value ([author4_0_] : [VARCHAR]) - [ybell1028@gmail.com]
2021-02-19 11:46:57.320 TRACE 10172 --- [    Test worker] o.h.type.descriptor.sql.BasicExtractor   : extracted value ([content5_0_] : [VARCHAR]) - [테스트 본문]
2021-02-19 11:46:57.321 TRACE 10172 --- [    Test worker] o.h.type.descriptor.sql.BasicExtractor   : extracted value ([title6_0_] : [VARCHAR]) - [테스트 게시글]
Hibernate: 
    /* select
        generatedAlias0 
    from
        Posts as generatedAlias0 */ select
            posts0_.id as id1_0_,
            posts0_.created_date as created_2_0_,
            posts0_.modified_date as modified3_0_,
            posts0_.author as author4_0_,
            posts0_.content as content5_0_,
            posts0_.title as title6_0_ 
        from
            posts posts0_
2021-02-19 11:46:57.416 TRACE 10172 --- [    Test worker] o.h.type.descriptor.sql.BasicExtractor   : extracted value ([id1_0_] : [BIGINT]) - [1]
2021-02-19 11:46:57.416 TRACE 10172 --- [    Test worker] o.h.type.descriptor.sql.BasicExtractor   : extracted value ([created_2_0_] : [TIMESTAMP]) - [2021-02-19T11:46:57.178969]
2021-02-19 11:46:57.417 TRACE 10172 --- [    Test worker] o.h.type.descriptor.sql.BasicExtractor   : extracted value ([modified3_0_] : [TIMESTAMP]) - [2021-02-19T11:46:57.178969]
2021-02-19 11:46:57.417 TRACE 10172 --- [    Test worker] o.h.type.descriptor.sql.BasicExtractor   : extracted value ([author4_0_] : [VARCHAR]) - [ybell1028@gmail.com]
2021-02-19 11:46:57.417 TRACE 10172 --- [    Test worker] o.h.type.descriptor.sql.BasicExtractor   : extracted value ([content5_0_] : [VARCHAR]) - [테스트 본문]
2021-02-19 11:46:57.418 TRACE 10172 --- [    Test worker] o.h.type.descriptor.sql.BasicExtractor   : extracted value ([title6_0_] : [VARCHAR]) - [테스트 게시글]
Hibernate: 
    /* delete com.jd.book.springboot.domain.posts.Posts */ delete 
        from
            posts 
        where
            id=?
2021-02-19 11:46:57.442 TRACE 10172 --- [    Test worker] o.h.type.descriptor.sql.BasicBinder      : binding parameter [1] as [BIGINT] - [1]
]]></system-out>
  <system-err><![CDATA[]]></system-err>
</testsuite>
