<?xml version="1.0" encoding="UTF-8"?>
<testsuite name="com.jd.book.springboot.web.ProfileControllerTest" tests="1" skipped="0" failures="0" errors="0" timestamp="2021-02-24T02:07:09" hostname="DESKTOP-ALERQTQ" time="0.492">
  <properties/>
  <testcase name="profile은_인증없이_호출된다" classname="com.jd.book.springboot.web.ProfileControllerTest" time="0.492"/>
  <system-out><![CDATA[11:06:58.069 [Test worker] DEBUG org.springframework.test.context.junit4.SpringJUnit4ClassRunner - SpringJUnit4ClassRunner constructor called with [class com.jd.book.springboot.web.ProfileControllerTest]
11:06:58.079 [Test worker] DEBUG org.springframework.test.context.BootstrapUtils - Instantiating CacheAwareContextLoaderDelegate from class [org.springframework.test.context.cache.DefaultCacheAwareContextLoaderDelegate]
11:06:58.093 [Test worker] DEBUG org.springframework.test.context.BootstrapUtils - Instantiating BootstrapContext using constructor [public org.springframework.test.context.support.DefaultBootstrapContext(java.lang.Class,org.springframework.test.context.CacheAwareContextLoaderDelegate)]
11:06:58.118 [Test worker] DEBUG org.springframework.test.context.BootstrapUtils - Instantiating TestContextBootstrapper for test class [com.jd.book.springboot.web.ProfileControllerTest] from class [org.springframework.boot.test.context.SpringBootTestContextBootstrapper]
11:06:58.142 [Test worker] INFO org.springframework.boot.test.context.SpringBootTestContextBootstrapper - Neither @ContextConfiguration nor @ContextHierarchy found for test class [com.jd.book.springboot.web.ProfileControllerTest], using SpringBootContextLoader
11:06:58.146 [Test worker] DEBUG org.springframework.test.context.support.AbstractContextLoader - Did not detect default resource location for test class [com.jd.book.springboot.web.ProfileControllerTest]: class path resource [com/jd/book/springboot/web/ProfileControllerTest-context.xml] does not exist
11:06:58.147 [Test worker] DEBUG org.springframework.test.context.support.AbstractContextLoader - Did not detect default resource location for test class [com.jd.book.springboot.web.ProfileControllerTest]: class path resource [com/jd/book/springboot/web/ProfileControllerTestContext.groovy] does not exist
11:06:58.147 [Test worker] INFO org.springframework.test.context.support.AbstractContextLoader - Could not detect default resource locations for test class [com.jd.book.springboot.web.ProfileControllerTest]: no resource found for suffixes {-context.xml, Context.groovy}.
11:06:58.148 [Test worker] INFO org.springframework.test.context.support.AnnotationConfigContextLoaderUtils - Could not detect default configuration classes for test class [com.jd.book.springboot.web.ProfileControllerTest]: ProfileControllerTest does not declare any static, non-private, non-final, nested classes annotated with @Configuration.
11:06:58.222 [Test worker] DEBUG org.springframework.test.context.support.ActiveProfilesUtils - Could not find an 'annotation declaring class' for annotation type [org.springframework.test.context.ActiveProfiles] and class [com.jd.book.springboot.web.ProfileControllerTest]
11:06:58.380 [Test worker] DEBUG org.springframework.context.annotation.ClassPathScanningCandidateComponentProvider - Identified candidate component class: file [C:\Users\Admin\Documents\My_GitHub\freelec-book-spring-boot\build\classes\java\main\com\jd\book\springboot\Application.class]
11:06:58.383 [Test worker] INFO org.springframework.boot.test.context.SpringBootTestContextBootstrapper - Found @SpringBootConfiguration com.jd.book.springboot.Application for test class com.jd.book.springboot.web.ProfileControllerTest
11:06:58.588 [Test worker] DEBUG org.springframework.boot.test.context.SpringBootTestContextBootstrapper - @TestExecutionListeners is not present for class [com.jd.book.springboot.web.ProfileControllerTest]: using defaults.
11:06:58.589 [Test worker] INFO org.springframework.boot.test.context.SpringBootTestContextBootstrapper - Loaded default TestExecutionListener class names from location [META-INF/spring.factories]: [org.springframework.security.test.context.support.WithSecurityContextTestExecutionListener, org.springframework.security.test.context.support.ReactorContextTestExecutionListener, org.springframework.boot.test.autoconfigure.restdocs.RestDocsTestExecutionListener, org.springframework.boot.test.autoconfigure.web.client.MockRestServiceServerResetTestExecutionListener, org.springframework.boot.test.autoconfigure.web.servlet.MockMvcPrintOnlyOnFailureTestExecutionListener, org.springframework.boot.test.autoconfigure.web.servlet.WebDriverTestExecutionListener, org.springframework.boot.test.mock.mockito.MockitoTestExecutionListener, org.springframework.boot.test.mock.mockito.ResetMocksTestExecutionListener, org.springframework.test.context.web.ServletTestExecutionListener, org.springframework.test.context.support.DirtiesContextBeforeModesTestExecutionListener, org.springframework.test.context.support.DependencyInjectionTestExecutionListener, org.springframework.test.context.support.DirtiesContextTestExecutionListener, org.springframework.test.context.transaction.TransactionalTestExecutionListener, org.springframework.test.context.jdbc.SqlScriptsTestExecutionListener]
11:06:58.628 [Test worker] INFO org.springframework.boot.test.context.SpringBootTestContextBootstrapper - Using TestExecutionListeners: [org.springframework.test.context.web.ServletTestExecutionListener@1720e358, org.springframework.test.context.support.DirtiesContextBeforeModesTestExecutionListener@66e80ef4, org.springframework.boot.test.mock.mockito.MockitoTestExecutionListener@335d6d87, org.springframework.boot.test.autoconfigure.SpringBootDependencyInjectionTestExecutionListener@181c2048, org.springframework.test.context.support.DirtiesContextTestExecutionListener@8363a30, org.springframework.test.context.transaction.TransactionalTestExecutionListener@2e8f0a6c, org.springframework.test.context.jdbc.SqlScriptsTestExecutionListener@76e66b6f, org.springframework.security.test.context.support.WithSecurityContextTestExecutionListener@f011b9b, org.springframework.security.test.context.support.ReactorContextTestExecutionListener@365f57f1, org.springframework.boot.test.autoconfigure.restdocs.RestDocsTestExecutionListener@60d5e73c, org.springframework.boot.test.autoconfigure.web.client.MockRestServiceServerResetTestExecutionListener@252d455a, org.springframework.boot.test.autoconfigure.web.servlet.MockMvcPrintOnlyOnFailureTestExecutionListener@22775fa7, org.springframework.boot.test.autoconfigure.web.servlet.WebDriverTestExecutionListener@6e5b74c7, org.springframework.boot.test.mock.mockito.ResetMocksTestExecutionListener@21789237]
11:06:58.633 [Test worker] DEBUG org.springframework.test.annotation.ProfileValueUtils - Retrieved @ProfileValueSourceConfiguration [null] for test class [com.jd.book.springboot.web.ProfileControllerTest]
11:06:58.634 [Test worker] DEBUG org.springframework.test.annotation.ProfileValueUtils - Retrieved ProfileValueSource type [class org.springframework.test.annotation.SystemProfileValueSource] for class [com.jd.book.springboot.web.ProfileControllerTest]
11:06:58.640 [Test worker] DEBUG org.springframework.test.annotation.ProfileValueUtils - Retrieved @ProfileValueSourceConfiguration [null] for test class [com.jd.book.springboot.web.ProfileControllerTest]
11:06:58.640 [Test worker] DEBUG org.springframework.test.annotation.ProfileValueUtils - Retrieved ProfileValueSource type [class org.springframework.test.annotation.SystemProfileValueSource] for class [com.jd.book.springboot.web.ProfileControllerTest]
11:06:58.643 [Test worker] DEBUG org.springframework.test.annotation.ProfileValueUtils - Retrieved @ProfileValueSourceConfiguration [null] for test class [com.jd.book.springboot.web.ProfileControllerTest]
11:06:58.643 [Test worker] DEBUG org.springframework.test.annotation.ProfileValueUtils - Retrieved ProfileValueSource type [class org.springframework.test.annotation.SystemProfileValueSource] for class [com.jd.book.springboot.web.ProfileControllerTest]
11:06:58.650 [Test worker] DEBUG org.springframework.test.context.support.AbstractDirtiesContextTestExecutionListener - Before test class: context [DefaultTestContext@24f7852b testClass = ProfileControllerTest, testInstance = [null], testMethod = [null], testException = [null], mergedContextConfiguration = [WebMergedContextConfiguration@6f872ae9 testClass = ProfileControllerTest, locations = '{}', classes = '{class com.jd.book.springboot.Application}', contextInitializerClasses = '[]', activeProfiles = '{}', propertySourceLocations = '{}', propertySourceProperties = '{org.springframework.boot.test.context.SpringBootTestContextBootstrapper=true, server.port=0}', contextCustomizers = set[org.springframework.boot.test.autoconfigure.properties.PropertyMappingContextCustomizer@0, org.springframework.boot.test.autoconfigure.web.servlet.WebDriverContextCustomizerFactory$Customizer@356dd52e, org.springframework.boot.test.context.filter.ExcludeFilterContextCustomizer@131e96ce, org.springframework.boot.test.json.DuplicateJsonObjectContextCustomizerFactory$DuplicateJsonObjectContextCustomizer@9d41741, org.springframework.boot.test.mock.mockito.MockitoContextCustomizer@0, org.springframework.boot.test.web.client.TestRestTemplateContextCustomizer@1c9514d6], resourceBasePath = 'src/main/webapp', contextLoader = 'org.springframework.boot.test.context.SpringBootContextLoader', parent = [null]], attributes = map['org.springframework.test.context.web.ServletTestExecutionListener.activateListener' -> false]], class annotated with @DirtiesContext [false] with mode [null].
11:06:58.651 [Test worker] DEBUG org.springframework.test.annotation.ProfileValueUtils - Retrieved @ProfileValueSourceConfiguration [null] for test class [com.jd.book.springboot.web.ProfileControllerTest]
11:06:58.651 [Test worker] DEBUG org.springframework.test.annotation.ProfileValueUtils - Retrieved ProfileValueSource type [class org.springframework.test.annotation.SystemProfileValueSource] for class [com.jd.book.springboot.web.ProfileControllerTest]
11:06:58.658 [Test worker] DEBUG org.springframework.test.context.support.DependencyInjectionTestExecutionListener - Performing dependency injection for test context [[DefaultTestContext@24f7852b testClass = ProfileControllerTest, testInstance = com.jd.book.springboot.web.ProfileControllerTest@7f1a983e, testMethod = [null], testException = [null], mergedContextConfiguration = [WebMergedContextConfiguration@6f872ae9 testClass = ProfileControllerTest, locations = '{}', classes = '{class com.jd.book.springboot.Application}', contextInitializerClasses = '[]', activeProfiles = '{}', propertySourceLocations = '{}', propertySourceProperties = '{org.springframework.boot.test.context.SpringBootTestContextBootstrapper=true, server.port=0}', contextCustomizers = set[org.springframework.boot.test.autoconfigure.properties.PropertyMappingContextCustomizer@0, org.springframework.boot.test.autoconfigure.web.servlet.WebDriverContextCustomizerFactory$Customizer@356dd52e, org.springframework.boot.test.context.filter.ExcludeFilterContextCustomizer@131e96ce, org.springframework.boot.test.json.DuplicateJsonObjectContextCustomizerFactory$DuplicateJsonObjectContextCustomizer@9d41741, org.springframework.boot.test.mock.mockito.MockitoContextCustomizer@0, org.springframework.boot.test.web.client.TestRestTemplateContextCustomizer@1c9514d6], resourceBasePath = 'src/main/webapp', contextLoader = 'org.springframework.boot.test.context.SpringBootContextLoader', parent = [null]], attributes = map['org.springframework.test.context.web.ServletTestExecutionListener.activateListener' -> false]]].
11:06:58.699 [Test worker] DEBUG org.springframework.test.context.support.TestPropertySourceUtils - Adding inlined properties to environment: {spring.jmx.enabled=false, org.springframework.boot.test.context.SpringBootTestContextBootstrapper=true, server.port=0}

  .   ____          _            __ _ _
 /\\ / ___'_ __ _ _(_)_ __  __ _ \ \ \ \
( ( )\___ | '_ | '_| | '_ \/ _` | \ \ \ \
 \\/  ___)| |_)| | | | | || (_| |  ) ) ) )
  '  |____| .__|_| |_|_| |_\__, | / / / /
 =========|_|==============|___/=/_/_/_/
 :: Spring Boot ::        (v2.1.7.RELEASE)

2021-02-24 11:06:59.238  INFO 20032 --- [    Test worker] c.j.b.s.web.ProfileControllerTest        : Starting ProfileControllerTest on DESKTOP-ALERQTQ with PID 20032 (started by Admin in C:\Users\Admin\Documents\My_GitHub\freelec-book-spring-boot)
2021-02-24 11:06:59.241  INFO 20032 --- [    Test worker] c.j.b.s.web.ProfileControllerTest        : No active profile set, falling back to default profiles: default
2021-02-24 11:07:00.780  INFO 20032 --- [    Test worker] .s.d.r.c.RepositoryConfigurationDelegate : Bootstrapping Spring Data repositories in DEFAULT mode.
2021-02-24 11:07:00.921  INFO 20032 --- [    Test worker] .s.d.r.c.RepositoryConfigurationDelegate : Finished Spring Data repository scanning in 128ms. Found 2 repository interfaces.
2021-02-24 11:07:01.675  INFO 20032 --- [    Test worker] trationDelegate$BeanPostProcessorChecker : Bean 'org.springframework.transaction.annotation.ProxyTransactionManagementConfiguration' of type [org.springframework.transaction.annotation.ProxyTransactionManagementConfiguration$$EnhancerBySpringCGLIB$$81e9a3a8] is not eligible for getting processed by all BeanPostProcessors (for example: not eligible for auto-proxying)
2021-02-24 11:07:02.292  INFO 20032 --- [    Test worker] o.s.b.w.embedded.tomcat.TomcatWebServer  : Tomcat initialized with port(s): 0 (http)
2021-02-24 11:07:02.333  INFO 20032 --- [    Test worker] o.apache.catalina.core.StandardService   : Starting service [Tomcat]
2021-02-24 11:07:02.333  INFO 20032 --- [    Test worker] org.apache.catalina.core.StandardEngine  : Starting Servlet engine: [Apache Tomcat/9.0.22]
2021-02-24 11:07:02.590  INFO 20032 --- [    Test worker] o.a.c.c.C.[Tomcat].[localhost].[/]       : Initializing Spring embedded WebApplicationContext
2021-02-24 11:07:02.590  INFO 20032 --- [    Test worker] o.s.web.context.ContextLoader            : Root WebApplicationContext: initialization completed in 3316 ms
2021-02-24 11:07:03.062  INFO 20032 --- [    Test worker] com.zaxxer.hikari.HikariDataSource       : HikariPool-1 - Starting...
2021-02-24 11:07:03.325  INFO 20032 --- [    Test worker] com.zaxxer.hikari.HikariDataSource       : HikariPool-1 - Start completed.
2021-02-24 11:07:03.512  INFO 20032 --- [    Test worker] o.hibernate.jpa.internal.util.LogHelper  : HHH000204: Processing PersistenceUnitInfo [
	name: default
	...]
2021-02-24 11:07:03.688  INFO 20032 --- [    Test worker] org.hibernate.Version                    : HHH000412: Hibernate Core {5.3.10.Final}
2021-02-24 11:07:03.692  INFO 20032 --- [    Test worker] org.hibernate.cfg.Environment            : HHH000206: hibernate.properties not found
2021-02-24 11:07:04.058  INFO 20032 --- [    Test worker] o.hibernate.annotations.common.Version   : HCANN000001: Hibernate Commons Annotations {5.0.4.Final}
2021-02-24 11:07:04.406  INFO 20032 --- [    Test worker] org.hibernate.dialect.Dialect            : HHH000400: Using dialect: org.hibernate.dialect.MySQL5InnoDBDialect
Hibernate: 
    
    drop table if exists posts
Hibernate: 
    
    drop table if exists user
Hibernate: 
    
    create table posts (
       id bigint not null auto_increment,
        created_date datetime,
        modified_date datetime,
        author varchar(255),
        content TEXT not null,
        title varchar(500) not null,
        primary key (id)
    ) engine=InnoDB
Hibernate: 
    
    create table user (
       id bigint not null auto_increment,
        created_date datetime,
        modified_date datetime,
        email varchar(255) not null,
        name varchar(255) not null,
        picture varchar(255),
        role varchar(255) not null,
        primary key (id)
    ) engine=InnoDB
2021-02-24 11:07:05.601  INFO 20032 --- [    Test worker] o.h.t.schema.internal.SchemaCreatorImpl  : HHH000476: Executing import script 'org.hibernate.tool.schema.internal.exec.ScriptSourceInputNonExistentImpl@697babcf'
2021-02-24 11:07:05.607  INFO 20032 --- [    Test worker] j.LocalContainerEntityManagerFactoryBean : Initialized JPA EntityManagerFactory for persistence unit 'default'
2021-02-24 11:07:06.982  INFO 20032 --- [    Test worker] o.h.h.i.QueryTranslatorFactoryInitiator  : HHH000397: Using ASTQueryTranslatorFactory
2021-02-24 11:07:07.815  INFO 20032 --- [    Test worker] o.s.s.web.DefaultSecurityFilterChain     : Creating filter chain: any request, [org.springframework.security.web.context.request.async.WebAsyncManagerIntegrationFilter@464a41a3, org.springframework.security.web.context.SecurityContextPersistenceFilter@45bcfce, org.springframework.security.web.header.HeaderWriterFilter@402f30a3, org.springframework.security.web.authentication.logout.LogoutFilter@1f9218e8, org.springframework.security.oauth2.client.web.OAuth2AuthorizationRequestRedirectFilter@6218326a, org.springframework.security.oauth2.client.web.OAuth2LoginAuthenticationFilter@4f279682, org.springframework.security.web.authentication.ui.DefaultLoginPageGeneratingFilter@58625bed, org.springframework.security.web.authentication.ui.DefaultLogoutPageGeneratingFilter@37091b9d, org.springframework.security.web.savedrequest.RequestCacheAwareFilter@64987a91, org.springframework.security.web.servletapi.SecurityContextHolderAwareRequestFilter@7cf6e03e, org.springframework.security.web.authentication.AnonymousAuthenticationFilter@6e14ec92, org.springframework.security.web.session.SessionManagementFilter@c541d8d, org.springframework.security.web.access.ExceptionTranslationFilter@5f15db0e, org.springframework.security.web.access.intercept.FilterSecurityInterceptor@54daa53d]
2021-02-24 11:07:08.460  INFO 20032 --- [    Test worker] o.s.s.concurrent.ThreadPoolTaskExecutor  : Initializing ExecutorService 'applicationTaskExecutor'
2021-02-24 11:07:08.551  WARN 20032 --- [    Test worker] aWebConfiguration$JpaWebMvcConfiguration : spring.jpa.open-in-view is enabled by default. Therefore, database queries may be performed during view rendering. Explicitly configure spring.jpa.open-in-view to disable this warning
2021-02-24 11:07:08.626  INFO 20032 --- [    Test worker] o.s.b.a.w.s.WelcomePageHandlerMapping    : Adding welcome page template: index
2021-02-24 11:07:09.398  INFO 20032 --- [    Test worker] s.a.ScheduledAnnotationBeanPostProcessor : No TaskScheduler/ScheduledExecutorService bean found for scheduled processing
2021-02-24 11:07:09.465  INFO 20032 --- [    Test worker] o.s.b.w.embedded.tomcat.TomcatWebServer  : Tomcat started on port(s): 2194 (http) with context path ''
2021-02-24 11:07:09.470  INFO 20032 --- [    Test worker] c.j.b.s.web.ProfileControllerTest        : Started ProfileControllerTest in 10.768 seconds (JVM running for 13.84)
2021-02-24 11:07:09.748  INFO 20032 --- [o-auto-1-exec-1] o.a.c.c.C.[Tomcat].[localhost].[/]       : Initializing Spring DispatcherServlet 'dispatcherServlet'
2021-02-24 11:07:09.748  INFO 20032 --- [o-auto-1-exec-1] o.s.web.servlet.DispatcherServlet        : Initializing Servlet 'dispatcherServlet'
2021-02-24 11:07:09.785  INFO 20032 --- [o-auto-1-exec-1] o.s.web.servlet.DispatcherServlet        : Completed initialization in 36 ms
]]></system-out>
  <system-err><![CDATA[]]></system-err>
</testsuite>
